2019-06-13 14:16:16.224 [ INFO] -    49ms aece_rpi_router2_ax (Happn) persisting /Users/timbewsey1/Desktop/Current/AECE/aece_state/data.db
2019-06-13 14:16:16.231 [ INFO] -     8ms aece_rpi_router2_ax (HappnServer) utils service loaded.
2019-06-13 14:16:16.233 [ INFO] -     2ms aece_rpi_router2_ax (HappnServer) error service loaded.
2019-06-13 14:16:16.235 [ INFO] -     2ms aece_rpi_router2_ax (HappnServer) log service loaded.
2019-06-13 14:16:16.265 [ INFO] -    30ms aece_rpi_router2_ax (HappnServer) data service loaded.
2019-06-13 14:16:16.270 [ INFO] -     5ms aece_rpi_router2_ax (HappnServer) system service loaded.
2019-06-13 14:16:16.279 [ INFO] -     9ms aece_rpi_router2_ax (HappnServer) cache service loaded.
2019-06-13 14:16:16.430 [ INFO] -   151ms aece_rpi_router2_ax (HappnServer) connect service loaded.
2019-06-13 14:16:16.431 [ INFO] -     1ms aece_rpi_router2_ax (HappnServer) crypto service loaded.
2019-06-13 14:16:16.442 [ INFO] -    11ms aece_rpi_router2_ax (HappnServer) transport service loaded.
2019-06-13 14:16:16.444 [ INFO] -     2ms aece_rpi_router2_ax (HappnServer) session service loaded.
2019-06-13 14:16:16.446 [ INFO] -     2ms aece_rpi_router2_ax (HappnServer) protocol service loaded.
2019-06-13 14:16:16.449 [ INFO] -     3ms aece_rpi_router2_ax (HappnServer) security service loaded.
2019-06-13 14:16:16.455 [ INFO] -     6ms aece_rpi_router2_ax (HappnServer) subscription service loaded.
2019-06-13 14:16:16.457 [ INFO] -     2ms aece_rpi_router2_ax (HappnServer) publisher service loaded.
2019-06-13 14:16:16.457 [ INFO] -     0ms aece_rpi_router2_ax (HappnServer) stats service loaded.
2019-06-13 14:16:16.613 [ INFO] -   156ms aece_rpi_router2_ax (System) instance name: aece_rpi_router2_ax
2019-06-13 14:16:16.733 [ INFO] -   120ms aece_rpi_router2_ax (Happn) '_ADMIN' connected
2019-06-13 14:16:16.749 [ INFO] -    16ms aece_rpi_router2_ax (Mesh) home /Users/timbewsey1/Desktop/Current/AECE/aece_state
2019-06-13 14:16:16.749 [ INFO] -     0ms aece_rpi_router2_ax (Mesh) happner v10.1.0
2019-06-13 14:16:16.750 [ INFO] -     0ms aece_rpi_router2_ax (Mesh) config v..
2019-06-13 14:16:16.750 [ INFO] -     1ms aece_rpi_router2_ax (Mesh) localnode 'aece_rpi_router2_ax' at pid 7000
2019-06-13 14:16:17.557 [ INFO] -   807ms aece_rpi_router2_ax (Mesh) initialized endpoint 'edge_ssot'
2019-06-13 14:16:17.563 [ INFO] -     6ms aece_rpi_router2_ax (Mesh) initialized!
2019-06-13 14:16:17.592 [ INFO] -    29ms aece_rpi_router2_ax (Mesh) initialized component 'security'
2019-06-13 14:16:17.593 [ INFO] -     1ms aece_rpi_router2_ax (Mesh) initialized component 'system'
2019-06-13 14:16:17.594 [ INFO] -     1ms aece_rpi_router2_ax (Mesh) initialized component 'rest'
2019-06-13 14:16:17.595 [ INFO] -     1ms aece_rpi_router2_ax (queueService) Initializing Queue Service..............
2019-06-13 14:16:17.614 [ INFO] -    19ms aece_rpi_router2_ax (Mesh) started component 'queueService'
2019-06-13 14:16:17.615 [ INFO] -     1ms aece_rpi_router2_ax (Mesh) started component 'uiService'
2019-06-13 14:16:17.616 [ INFO] -     1ms aece_rpi_router2_ax (packetService) Starting PacketService
2019-06-13 14:16:17.616 [ INFO] -     0ms aece_rpi_router2_ax (Mesh) started component 'packetService'
2019-06-13 14:16:17.616 [ INFO] -     0ms aece_rpi_router2_ax (dataService) starting data service
2019-06-13 14:16:17.616 [ INFO] -     0ms aece_rpi_router2_ax (Mesh) started component 'dataService'
2019-06-13 14:16:17.616 [ INFO] -     0ms aece_rpi_router2_ax (eventService) initialise Event Service .................. STARTED
2019-06-13 14:16:17.617 [ INFO] -     1ms aece_rpi_router2_ax (Mesh) started component 'eventService'
2019-06-13 14:16:17.622 [ INFO] -     5ms aece_rpi_router2_ax (blastService) BlastService Started
2019-06-13 14:16:17.622 [ INFO] -     0ms aece_rpi_router2_ax (Mesh) started component 'blastService'
2019-06-13 14:16:17.623 [ INFO] -     0ms aece_rpi_router2_ax (app) STARTING ROUTER APP
2019-06-13 14:16:17.637 [ INFO] -    15ms aece_rpi_router2_ax (Mesh) started component 'app'
2019-06-13 14:16:17.640 [ INFO] -     3ms aece_rpi_router2_ax (HappnServer) port available, about to listen
2019-06-13 14:16:17.645 [ INFO] -     5ms aece_rpi_router2_ax (HappnServer) listening at 0.0.0.0:55000
2019-06-13 14:16:17.646 [ INFO] -     1ms aece_rpi_router2_ax (HappnServer) happn version 10.0.0
2019-06-13 14:16:17.646 [ INFO] -     0ms aece_rpi_router2_ax (Mesh) started!
2019-06-13 14:16:17.662 [ INFO] -    15ms aece_rpi_router2_ax (logsRepository) Happn LogsRepository Initialize.................PASS
2019-06-13 14:16:17.662 [ INFO] -     1ms aece_rpi_router2_ax (warningsRepository) Happn WarningsRepository Initialize.................PASS
2019-06-13 14:16:17.662 [ INFO] -     0ms aece_rpi_router2_ax (blastRepository) Happn BlastRepository Initialize.................PASS
2019-06-13 14:16:17.663 [ INFO] -     1ms aece_rpi_router2_ax (queueService) Initializing Queue Service..............PASSED
2019-06-13 14:16:17.664 [ INFO] -     1ms aece_rpi_router2_ax (app) ::::: APP STARTUP COMPLETE ::::::
2019-06-13 14:16:55.097 [ INFO] - 37433ms aece_rpi_router2_ax (queueService) message found > extracting message data: 
2019-06-13 14:16:55.099 [ INFO] -     2ms aece_rpi_router2_ax (packetService) :: DEVICE DATA PARSER ::
2019-06-13 14:16:55.106 [ INFO] -     6ms aece_rpi_router2_ax (dataService) NODE UPSERT - INSERT NEW NODES... 1
